D:\SEMESTER2\IRGL_ROBOTCOLLECTOR\IRGL_ROBOTCOLLECTOR\DEBUG\MAIN.OBJ
D:\SEMESTER2\IRGL_ROBOTCOLLECTOR\IRGL_ROBOTCOLLECTOR\DEBUG\VC110.PDB
D:\SEMESTER2\IRGL_ROBOTCOLLECTOR\DEBUG\IRGL_ROBOTCOLLECTOR.ILK
D:\SEMESTER2\IRGL_ROBOTCOLLECTOR\DEBUG\IRGL_ROBOTCOLLECTOR.EXE
D:\SEMESTER2\IRGL_ROBOTCOLLECTOR\DEBUG\IRGL_ROBOTCOLLECTOR.PDB
D:\SEMESTER2\IRGL_RobotCollector\IRGL_RobotCollector\Debug\main.obj
D:\SEMESTER2\IRGL_RobotCollector\IRGL_RobotCollector\Debug\cl.command.1.tlog
D:\SEMESTER2\IRGL_RobotCollector\IRGL_RobotCollector\Debug\CL.read.1.tlog
D:\SEMESTER2\IRGL_RobotCollector\IRGL_RobotCollector\Debug\CL.write.1.tlog
D:\SEMESTER2\IRGL_RobotCollector\IRGL_RobotCollector\Debug\link-cvtres.read.1.tlog
D:\SEMESTER2\IRGL_RobotCollector\IRGL_RobotCollector\Debug\link-cvtres.write.1.tlog
D:\SEMESTER2\IRGL_RobotCollector\IRGL_RobotCollector\Debug\link-rc.read.1.tlog
D:\SEMESTER2\IRGL_RobotCollector\IRGL_RobotCollector\Debug\link-rc.write.1.tlog
D:\SEMESTER2\IRGL_RobotCollector\IRGL_RobotCollector\Debug\link.2000-cvtres.read.1.tlog
D:\SEMESTER2\IRGL_RobotCollector\IRGL_RobotCollector\Debug\link.2000-cvtres.write.1.tlog
D:\SEMESTER2\IRGL_RobotCollector\IRGL_RobotCollector\Debug\link.2000-rc.read.1.tlog
D:\SEMESTER2\IRGL_RobotCollector\IRGL_RobotCollector\Debug\link.2000-rc.write.1.tlog
D:\SEMESTER2\IRGL_RobotCollector\IRGL_RobotCollector\Debug\link.2000.read.1.tlog
D:\SEMESTER2\IRGL_RobotCollector\IRGL_RobotCollector\Debug\link.2000.write.1.tlog
D:\SEMESTER2\IRGL_RobotCollector\IRGL_RobotCollector\Debug\link.2916-cvtres.read.1.tlog
D:\SEMESTER2\IRGL_RobotCollector\IRGL_RobotCollector\Debug\link.2916-cvtres.write.1.tlog
D:\SEMESTER2\IRGL_RobotCollector\IRGL_RobotCollector\Debug\link.2916-rc.read.1.tlog
D:\SEMESTER2\IRGL_RobotCollector\IRGL_RobotCollector\Debug\link.2916-rc.write.1.tlog
D:\SEMESTER2\IRGL_RobotCollector\IRGL_RobotCollector\Debug\link.2916.read.1.tlog
D:\SEMESTER2\IRGL_RobotCollector\IRGL_RobotCollector\Debug\link.2916.write.1.tlog
D:\SEMESTER2\IRGL_RobotCollector\IRGL_RobotCollector\Debug\link.4700-cvtres.read.1.tlog
D:\SEMESTER2\IRGL_RobotCollector\IRGL_RobotCollector\Debug\link.4700-cvtres.write.1.tlog
D:\SEMESTER2\IRGL_RobotCollector\IRGL_RobotCollector\Debug\link.4700-rc.read.1.tlog
D:\SEMESTER2\IRGL_RobotCollector\IRGL_RobotCollector\Debug\link.4700-rc.write.1.tlog
D:\SEMESTER2\IRGL_RobotCollector\IRGL_RobotCollector\Debug\link.4700.read.1.tlog
D:\SEMESTER2\IRGL_RobotCollector\IRGL_RobotCollector\Debug\link.4700.write.1.tlog
D:\SEMESTER2\IRGL_RobotCollector\IRGL_RobotCollector\Debug\link.5144-cvtres.read.1.tlog
D:\SEMESTER2\IRGL_RobotCollector\IRGL_RobotCollector\Debug\link.5144-cvtres.write.1.tlog
D:\SEMESTER2\IRGL_RobotCollector\IRGL_RobotCollector\Debug\link.5144-rc.read.1.tlog
D:\SEMESTER2\IRGL_RobotCollector\IRGL_RobotCollector\Debug\link.5144-rc.write.1.tlog
D:\SEMESTER2\IRGL_RobotCollector\IRGL_RobotCollector\Debug\link.5144.read.1.tlog
D:\SEMESTER2\IRGL_RobotCollector\IRGL_RobotCollector\Debug\link.5144.write.1.tlog
D:\SEMESTER2\IRGL_RobotCollector\IRGL_RobotCollector\Debug\link.5608-cvtres.read.1.tlog
D:\SEMESTER2\IRGL_RobotCollector\IRGL_RobotCollector\Debug\link.5608-cvtres.write.1.tlog
D:\SEMESTER2\IRGL_RobotCollector\IRGL_RobotCollector\Debug\link.5608-rc.read.1.tlog
D:\SEMESTER2\IRGL_RobotCollector\IRGL_RobotCollector\Debug\link.5608-rc.write.1.tlog
D:\SEMESTER2\IRGL_RobotCollector\IRGL_RobotCollector\Debug\link.5608.read.1.tlog
D:\SEMESTER2\IRGL_RobotCollector\IRGL_RobotCollector\Debug\link.5608.write.1.tlog
D:\SEMESTER2\IRGL_RobotCollector\IRGL_RobotCollector\Debug\link.5796-cvtres.read.1.tlog
D:\SEMESTER2\IRGL_RobotCollector\IRGL_RobotCollector\Debug\link.5796-cvtres.write.1.tlog
D:\SEMESTER2\IRGL_RobotCollector\IRGL_RobotCollector\Debug\link.5796-rc.read.1.tlog
D:\SEMESTER2\IRGL_RobotCollector\IRGL_RobotCollector\Debug\link.5796-rc.write.1.tlog
D:\SEMESTER2\IRGL_RobotCollector\IRGL_RobotCollector\Debug\link.5796.read.1.tlog
D:\SEMESTER2\IRGL_RobotCollector\IRGL_RobotCollector\Debug\link.5796.write.1.tlog
D:\SEMESTER2\IRGL_RobotCollector\IRGL_RobotCollector\Debug\link.5912-cvtres.read.1.tlog
D:\SEMESTER2\IRGL_RobotCollector\IRGL_RobotCollector\Debug\link.5912-cvtres.write.1.tlog
D:\SEMESTER2\IRGL_RobotCollector\IRGL_RobotCollector\Debug\link.5912-rc.read.1.tlog
D:\SEMESTER2\IRGL_RobotCollector\IRGL_RobotCollector\Debug\link.5912-rc.write.1.tlog
D:\SEMESTER2\IRGL_RobotCollector\IRGL_RobotCollector\Debug\link.5912.read.1.tlog
D:\SEMESTER2\IRGL_RobotCollector\IRGL_RobotCollector\Debug\link.5912.write.1.tlog
D:\SEMESTER2\IRGL_RobotCollector\IRGL_RobotCollector\Debug\link.6668-cvtres.read.1.tlog
D:\SEMESTER2\IRGL_RobotCollector\IRGL_RobotCollector\Debug\link.6668-cvtres.write.1.tlog
D:\SEMESTER2\IRGL_RobotCollector\IRGL_RobotCollector\Debug\link.6668-rc.read.1.tlog
D:\SEMESTER2\IRGL_RobotCollector\IRGL_RobotCollector\Debug\link.6668-rc.write.1.tlog
D:\SEMESTER2\IRGL_RobotCollector\IRGL_RobotCollector\Debug\link.6668.read.1.tlog
D:\SEMESTER2\IRGL_RobotCollector\IRGL_RobotCollector\Debug\link.6668.write.1.tlog
D:\SEMESTER2\IRGL_RobotCollector\IRGL_RobotCollector\Debug\link.7220-cvtres.read.1.tlog
D:\SEMESTER2\IRGL_RobotCollector\IRGL_RobotCollector\Debug\link.7220-cvtres.write.1.tlog
D:\SEMESTER2\IRGL_RobotCollector\IRGL_RobotCollector\Debug\link.7220-rc.read.1.tlog
D:\SEMESTER2\IRGL_RobotCollector\IRGL_RobotCollector\Debug\link.7220-rc.write.1.tlog
D:\SEMESTER2\IRGL_RobotCollector\IRGL_RobotCollector\Debug\link.7220.read.1.tlog
D:\SEMESTER2\IRGL_RobotCollector\IRGL_RobotCollector\Debug\link.7220.write.1.tlog
D:\SEMESTER2\IRGL_RobotCollector\IRGL_RobotCollector\Debug\link.7400-cvtres.read.1.tlog
D:\SEMESTER2\IRGL_RobotCollector\IRGL_RobotCollector\Debug\link.7400-cvtres.write.1.tlog
D:\SEMESTER2\IRGL_RobotCollector\IRGL_RobotCollector\Debug\link.7400-rc.read.1.tlog
D:\SEMESTER2\IRGL_RobotCollector\IRGL_RobotCollector\Debug\link.7400-rc.write.1.tlog
D:\SEMESTER2\IRGL_RobotCollector\IRGL_RobotCollector\Debug\link.7400.read.1.tlog
D:\SEMESTER2\IRGL_RobotCollector\IRGL_RobotCollector\Debug\link.7400.write.1.tlog
D:\SEMESTER2\IRGL_RobotCollector\IRGL_RobotCollector\Debug\link.7900-cvtres.read.1.tlog
D:\SEMESTER2\IRGL_RobotCollector\IRGL_RobotCollector\Debug\link.7900-cvtres.write.1.tlog
D:\SEMESTER2\IRGL_RobotCollector\IRGL_RobotCollector\Debug\link.7900-rc.read.1.tlog
D:\SEMESTER2\IRGL_RobotCollector\IRGL_RobotCollector\Debug\link.7900-rc.write.1.tlog
D:\SEMESTER2\IRGL_RobotCollector\IRGL_RobotCollector\Debug\link.7900.read.1.tlog
D:\SEMESTER2\IRGL_RobotCollector\IRGL_RobotCollector\Debug\link.7900.write.1.tlog
D:\SEMESTER2\IRGL_RobotCollector\IRGL_RobotCollector\Debug\link.8088-cvtres.read.1.tlog
D:\SEMESTER2\IRGL_RobotCollector\IRGL_RobotCollector\Debug\link.8088-cvtres.write.1.tlog
D:\SEMESTER2\IRGL_RobotCollector\IRGL_RobotCollector\Debug\link.8088-rc.read.1.tlog
D:\SEMESTER2\IRGL_RobotCollector\IRGL_RobotCollector\Debug\link.8088-rc.write.1.tlog
D:\SEMESTER2\IRGL_RobotCollector\IRGL_RobotCollector\Debug\link.8088.read.1.tlog
D:\SEMESTER2\IRGL_RobotCollector\IRGL_RobotCollector\Debug\link.8088.write.1.tlog
D:\SEMESTER2\IRGL_RobotCollector\IRGL_RobotCollector\Debug\link.command.1.tlog
D:\SEMESTER2\IRGL_RobotCollector\IRGL_RobotCollector\Debug\link.read.1.tlog
D:\SEMESTER2\IRGL_RobotCollector\IRGL_RobotCollector\Debug\link.write.1.tlog
D:\SEMESTER2\IRGL_RobotCollector\IRGL_RobotCollector\Debug\vc110.idb
D:\SEMESTER2\IRGL_RobotCollector\IRGL_RobotCollector\Debug\vc110.pdb
D:\SEMESTER2\IRGL_RobotCollector\Debug\IRGL_RobotCollector.pdb
D:\SEMESTER2\IRGL_RobotCollector\Debug\IRGL_RobotCollector.exe
D:\SEMESTER2\IRGL_RobotCollector\Debug\IRGL_RobotCollector.ilk
